Log file open, 02/28/20 16:22:18
LogWindows: Failed to load 'aqProf.dll' (GetLastError=126)
LogWindows: File 'aqProf.dll' does not exist
LogWindows: Failed to load 'VtuneApi.dll' (GetLastError=126)
LogWindows: File 'VtuneApi.dll' does not exist
LogWindows: Failed to load 'VtuneApi32e.dll' (GetLastError=126)
LogWindows: File 'VtuneApi32e.dll' does not exist
LogConsoleResponse: Display: Failed to find resolution value strings in scalability ini. Falling back to default.
LogInit: Display: Running engine for game: PlatformSurvivor
LogPlatformFile: Not using cached read wrapper
LogTaskGraph: Started task graph with 5 named threads and 20 total threads with 3 sets of task threads.
LogStats: Stats thread started at 0.050628
LogD3D11RHI: Loaded GFSDK_Aftermath_Lib.x64.dll
LogICUInternationalization: ICU TimeZone Detection - Raw Offset: +1:00, Platform Override: ''
LogPluginManager: Mounting plugin Paper2D
LogPluginManager: Mounting plugin AISupport
LogPluginManager: Mounting plugin LightPropagationVolume
LogPluginManager: Mounting plugin ActorLayerUtilities
LogPluginManager: Mounting plugin AnimationSharing
LogPluginManager: Mounting plugin CLionSourceCodeAccess
LogPluginManager: Mounting plugin CodeLiteSourceCodeAccess
LogPluginManager: Mounting plugin GitSourceControl
LogPluginManager: Mounting plugin KDevelopSourceCodeAccess
LogPluginManager: Mounting plugin NullSourceCodeAccess
LogPluginManager: Mounting plugin PerforceSourceControl
LogPluginManager: Mounting plugin PlasticSourceControl
LogPluginManager: Mounting plugin SubversionSourceControl
LogPluginManager: Mounting plugin UObjectPlugin
LogPluginManager: Mounting plugin VisualStudioCodeSourceCodeAccess
LogPluginManager: Mounting plugin VisualStudioSourceCodeAccess
LogPluginManager: Mounting plugin XCodeSourceCodeAccess
LogPluginManager: Mounting plugin AssetManagerEditor
LogPluginManager: Mounting plugin CryptoKeys
LogPluginManager: Mounting plugin CurveEditorTools
LogPluginManager: Mounting plugin DataValidation
LogPluginManager: Mounting plugin FacialAnimation
LogPluginManager: Mounting plugin GameplayTagsEditor
LogPluginManager: Mounting plugin MacGraphicsSwitching
LogPluginManager: Mounting plugin MaterialAnalyzer
LogPluginManager: Mounting plugin MobileLauncherProfileWizard
LogPluginManager: Mounting plugin PluginBrowser
LogPluginManager: Mounting plugin SpeedTreeImporter
LogPluginManager: Mounting plugin DatasmithContent
LogPluginManager: Mounting plugin VariantManagerContent
LogPluginManager: Mounting plugin AlembicImporter
LogPluginManager: Mounting plugin AutomationUtils
LogPluginManager: Mounting plugin BackChannel
LogPluginManager: Mounting plugin CharacterAI
LogPluginManager: Mounting plugin GeometryCache
LogPluginManager: Mounting plugin PlatformCrypto
LogPluginManager: Mounting plugin ProxyLODPlugin
LogPluginManager: Mounting plugin SkeletalReduction
LogPluginManager: Mounting plugin MagicLeap
LogPluginManager: Mounting plugin MagicLeapMedia
LogPluginManager: Mounting plugin MLSDK
LogPluginManager: Mounting plugin AndroidMedia
LogPluginManager: Mounting plugin AvfMedia
LogPluginManager: Mounting plugin ImgMedia
LogPluginManager: Mounting plugin MediaCompositing
LogPluginManager: Mounting plugin MediaPlayerEditor
LogPluginManager: Mounting plugin WebMMedia
LogPluginManager: Mounting plugin WmfMedia
LogPluginManager: Mounting plugin TcpMessaging
LogPluginManager: Mounting plugin UdpMessaging
LogPluginManager: Mounting plugin ActorSequence
LogPluginManager: Mounting plugin LevelSequenceEditor
LogPluginManager: Mounting plugin MatineeToLevelSequence
LogPluginManager: Mounting plugin NetcodeUnitTest
LogPluginManager: Mounting plugin NUTUnrealEngine4
LogPluginManager: Mounting plugin OnlineSubsystemGooglePlay
LogPluginManager: Mounting plugin OnlineSubsystemIOS
LogPluginManager: Mounting plugin OnlineSubsystem
LogPluginManager: Mounting plugin OnlineSubsystemNull
LogPluginManager: Mounting plugin OnlineSubsystemUtils
LogPluginManager: Mounting plugin LauncherChunkInstaller
LogPluginManager: Mounting plugin AndroidDeviceProfileSelector
LogPluginManager: Mounting plugin AndroidMoviePlayer
LogPluginManager: Mounting plugin AndroidPermission
LogPluginManager: Mounting plugin AppleImageUtils
LogPluginManager: Mounting plugin AppleMoviePlayer
LogPluginManager: Mounting plugin ArchVisCharacter
LogPluginManager: Mounting plugin AssetTags
LogPluginManager: Mounting plugin AudioCapture
LogPluginManager: Mounting plugin CableComponent
LogPluginManager: Mounting plugin CustomMeshComponent
LogPluginManager: Mounting plugin EditableMesh
LogPluginManager: Mounting plugin ExampleDeviceProfileSelector
LogPluginManager: Mounting plugin GoogleCloudMessaging
LogPluginManager: Mounting plugin IOSDeviceProfileSelector
LogPluginManager: Mounting plugin LinuxDeviceProfileSelector
LogPluginManager: Mounting plugin LocationServicesBPLibrary
LogPluginManager: Mounting plugin MobilePatchingUtils
LogPluginManager: Mounting plugin OculusVR
LogPluginManager: Mounting plugin PhysXVehicles
LogPluginManager: Mounting plugin PostSplashScreen
LogPluginManager: Mounting plugin ProceduralMeshComponent
LogPluginManager: Mounting plugin RuntimePhysXCooking
LogPluginManager: Mounting plugin SignificanceManager
LogPluginManager: Mounting plugin SteamVR
LogPluginManager: Mounting plugin WebMMoviePlayer
LogPluginManager: Mounting plugin WindowsMoviePlayer
LogPluginManager: Mounting plugin ScreenshotTools
LogInit: Using libcurl 7.55.1-DEV
LogInit:  - built for x86_64-pc-win32
LogInit:  - supports SSL with OpenSSL/1.1.1
LogInit:  - supports HTTP deflate (compression) using libz 1.2.8
LogInit:  - other features:
LogInit:      CURL_VERSION_SSL
LogInit:      CURL_VERSION_LIBZ
LogInit:      CURL_VERSION_IPV6
LogInit:      CURL_VERSION_ASYNCHDNS
LogInit:      CURL_VERSION_LARGEFILE
LogInit:      CURL_VERSION_IDN
LogInit:  CurlRequestOptions (configurable via config and command line):
LogInit:  - bVerifyPeer = true  - Libcurl will verify peer certificate
LogInit:  - bUseHttpProxy = false  - Libcurl will NOT use HTTP proxy
LogInit:  - bDontReuseConnections = false  - Libcurl will reuse connections
LogInit:  - MaxHostConnections = 16  - Libcurl will limit the number of connections to a host
LogInit:  - LocalHostAddr = Default
LogInit:  - BufferSize = 65536
LogOnline: OSS: Creating online subsystem instance for: NULL
LogInit: WinSock: version 1.1 (2.2), MaxSocks=32767, MaxUdp=65467
LogOnline: OSS: TryLoadSubsystemAndSetDefault: Loaded subsystem for module [NULL]
LogInit: Build: ++UE4+Release-4.24-CL-11590370
LogInit: Engine Version: 4.24.3-11590370+++UE4+Release-4.24
LogInit: Compatible Engine Version: 4.24.0-10570792+++UE4+Release-4.24
LogInit: Net CL: 10570792
LogInit: OS: Windows 10 (Release 1909) (), CPU: Intel(R) Core(TM) i5-9600K CPU @ 3.70GHz, GPU: NVIDIA GeForce RTX 2060
LogInit: Compiled (64-bit): Feb 24 2020 15:39:18
LogInit: Compiled with Visual C++: 19.16.27032.01
LogInit: Build Configuration: Development
LogInit: Branch Name: ++UE4+Release-4.24
LogInit: Command Line:  -EpicPortal -epicusername=Kissemisse_ -epicuserid=0f309bc549e8475dabb8f7854422b84c -epiclocale=en
LogInit: Base Directory: C:/Program Files/Epic Games/UE_4.24/Engine/Binaries/Win64/
LogInit: Installed Engine Build: 1
LogDevObjectVersion: Number of dev versions registered: 25
LogDevObjectVersion:   Dev-Blueprints (B0D832E4-1F89-4F0D-ACCF-7EB736FD4AA2): 10
LogDevObjectVersion:   Dev-Build (E1C64328-A22C-4D53-A36C-8E866417BD8C): 0
LogDevObjectVersion:   Dev-Core (375EC13C-06E4-48FB-B500-84F0262A717E): 3
LogDevObjectVersion:   Dev-Editor (E4B068ED-F494-42E9-A231-DA0B2E46BB41): 37
LogDevObjectVersion:   Dev-Framework (CFFC743F-43B0-4480-9391-14DF171D2073): 36
LogDevObjectVersion:   Dev-Mobile (B02B49B5-BB20-44E9-A304-32B752E40360): 2
LogDevObjectVersion:   Dev-Networking (A4E4105C-59A1-49B5-A7C5-40C4547EDFEE): 0
LogDevObjectVersion:   Dev-Online (39C831C9-5AE6-47DC-9A44-9C173E1C8E7C): 0
LogDevObjectVersion:   Dev-Physics (78F01B33-EBEA-4F98-B9B4-84EACCB95AA2): 2
LogDevObjectVersion:   Dev-Platform (6631380F-2D4D-43E0-8009-CF276956A95A): 0
LogDevObjectVersion:   Dev-Rendering (12F88B9F-8875-4AFC-A67C-D90C383ABD29): 36
LogDevObjectVersion:   Dev-Sequencer (7B5AE74C-D270-4C10-A958-57980B212A5A): 11
LogDevObjectVersion:   Dev-VR (D7296918-1DD6-4BDD-9DE2-64A83CC13884): 2
LogDevObjectVersion:   Dev-LoadTimes (C2A15278-BFE7-4AFE-6C17-90FF531DF755): 1
LogDevObjectVersion:   Private-Geometry (6EACA3D4-40EC-4CC1-B786-8BED09428FC5): 3
LogDevObjectVersion:   Dev-AnimPhys (29E575DD-E0A3-4627-9D10-D276232CDCEA): 17
LogDevObjectVersion:   Dev-Anim (AF43A65D-7FD3-4947-9873-3E8ED9C1BB05): 2
LogDevObjectVersion:   Dev-ReflectionCapture (6B266CEC-1EC7-4B8F-A30B-E4D90942FC07): 1
LogDevObjectVersion:   Dev-Automation (0DF73D61-A23F-47EA-B727-89E90C41499A): 1
LogDevObjectVersion:   FortniteMain (601D1886-AC64-4F84-AA16-D3DE0DEAC7D6): 31
LogDevObjectVersion:   Dev-Enterprise (9DFFBCD6-494F-0158-E221-12823C92A888): 8
LogDevObjectVersion:   Dev-Niagara (F2AED0AC-9AFE-416F-8664-AA7FFA26D6FC): 1
LogDevObjectVersion:   Dev-Destruction (174F1F0B-B4C6-45A5-B13F-2EE8D0FB917D): 9
LogDevObjectVersion:   Dev-Physics-Ext (35F94A83-E258-406C-A318-09F59610247C): 8
LogDevObjectVersion:   Dev-CineCamera (B2E18506-4273-CFC2-A54E-F4BB758BBA07): 1
LogInit: Presizing for max 25165824 objects, including 0 objects not considered by GC, pre-allocating 0 bytes for permanent pool.
LogInit: Object subsystem initialized
LogConfig: Setting CVar [[con.DebugEarlyDefault:1]]
LogConfig: Setting CVar [[r.setres:1280x720]]
[2020.02.28-15.22.18:616][  0]LogConfig: Setting CVar [[r.VSync:0]]
[2020.02.28-15.22.18:616][  0]LogConfig: Setting CVar [[r.RHICmdBypass:0]]
[2020.02.28-15.22.18:616][  0]LogConfig: Applying CVar settings from Section [/Script/Engine.RendererSettings] File [C:/Users/Gustav.Liden/Documents/GitHub/HeartTeam/PlatformSurvivor/Saved/Config/Windows/Engine.ini]
[2020.02.28-15.22.18:616][  0]LogConfig: Setting CVar [[r.GPUCrashDebugging:0]]
[2020.02.28-15.22.18:616][  0]LogConfig: Applying CVar settings from Section [/Script/Engine.RendererOverrideSettings] File [C:/Users/Gustav.Liden/Documents/GitHub/HeartTeam/PlatformSurvivor/Saved/Config/Windows/Engine.ini]
[2020.02.28-15.22.18:616][  0]LogConfig: Applying CVar settings from Section [/Script/Engine.StreamingSettings] File [C:/Users/Gustav.Liden/Documents/GitHub/HeartTeam/PlatformSurvivor/Saved/Config/Windows/Engine.ini]
[2020.02.28-15.22.18:616][  0]LogConfig: Setting CVar [[s.MinBulkDataSizeForAsyncLoading:131072]]
[2020.02.28-15.22.18:616][  0]LogConfig: Setting CVar [[s.AsyncLoadingThreadEnabled:0]]
[2020.02.28-15.22.18:616][  0]LogConfig: Setting CVar [[s.EventDrivenLoaderEnabled:1]]
[2020.02.28-15.22.18:616][  0]LogConfig: Setting CVar [[s.WarnIfTimeLimitExceeded:0]]
[2020.02.28-15.22.18:616][  0]LogConfig: Setting CVar [[s.TimeLimitExceededMultiplier:1.5]]
[2020.02.28-15.22.18:616][  0]LogConfig: Setting CVar [[s.TimeLimitExceededMinTime:0.005]]
[2020.02.28-15.22.18:616][  0]LogConfig: Setting CVar [[s.UseBackgroundLevelStreaming:1]]
[2020.02.28-15.22.18:616][  0]LogConfig: Setting CVar [[s.PriorityAsyncLoadingExtraTime:15.0]]
[2020.02.28-15.22.18:616][  0]LogConfig: Setting CVar [[s.LevelStreamingActorsUpdateTimeLimit:5.0]]
[2020.02.28-15.22.18:616][  0]LogConfig: Setting CVar [[s.PriorityLevelStreamingActorsUpdateExtraTime:5.0]]
[2020.02.28-15.22.18:616][  0]LogConfig: Setting CVar [[s.LevelStreamingComponentsRegistrationGranularity:10]]
[2020.02.28-15.22.18:616][  0]LogConfig: Setting CVar [[s.UnregisterComponentsTimeLimit:1.0]]
[2020.02.28-15.22.18:616][  0]LogConfig: Setting CVar [[s.LevelStreamingComponentsUnregistrationGranularity:5]]
[2020.02.28-15.22.18:616][  0]LogConfig: Setting CVar [[s.FlushStreamingOnExit:1]]
[2020.02.28-15.22.18:616][  0]LogConfig: Applying CVar settings from Section [/Script/Engine.GarbageCollectionSettings] File [C:/Users/Gustav.Liden/Documents/GitHub/HeartTeam/PlatformSurvivor/Saved/Config/Windows/Engine.ini]
[2020.02.28-15.22.18:616][  0]LogConfig: Setting CVar [[gc.MaxObjectsNotConsideredByGC:1]]
[2020.02.28-15.22.18:616][  0]LogConfig: Setting CVar [[gc.SizeOfPermanentObjectPool:0]]
[2020.02.28-15.22.18:616][  0]LogConfig: Setting CVar [[gc.FlushStreamingOnGC:0]]
[2020.02.28-15.22.18:616][  0]LogConfig: Setting CVar [[gc.NumRetriesBeforeForcingGC:10]]
[2020.02.28-15.22.18:616][  0]LogConfig: Setting CVar [[gc.AllowParallelGC:1]]
[2020.02.28-15.22.18:617][  0]LogConfig: Setting CVar [[gc.TimeBetweenPurgingPendingKillObjects:61.1]]
[2020.02.28-15.22.18:617][  0]LogConfig: Setting CVar [[gc.MaxObjectsInEditor:25165824]]
[2020.02.28-15.22.18:617][  0]LogConfig: Setting CVar [[gc.IncrementalBeginDestroyEnabled:1]]
[2020.02.28-15.22.18:617][  0]LogConfig: Setting CVar [[gc.CreateGCClusters:1]]
[2020.02.28-15.22.18:617][  0]LogConfig: Setting CVar [[gc.MinGCClusterSize:5]]
[2020.02.28-15.22.18:617][  0]LogConfig: Setting CVar [[gc.ActorClusteringEnabled:0]]
[2020.02.28-15.22.18:617][  0]LogConfig: Setting CVar [[gc.BlueprintClusteringEnabled:0]]
[2020.02.28-15.22.18:617][  0]LogConfig: Setting CVar [[gc.UseDisregardForGCOnDedicatedServers:0]]
[2020.02.28-15.22.18:617][  0]LogConfig: Applying CVar settings from Section [/Script/Engine.NetworkSettings] File [C:/Users/Gustav.Liden/Documents/GitHub/HeartTeam/PlatformSurvivor/Saved/Config/Windows/Engine.ini]
[2020.02.28-15.22.18:617][  0]LogConfig: Applying CVar settings from Section [/Script/UnrealEd.CookerSettings] File [C:/Users/Gustav.Liden/Documents/GitHub/HeartTeam/PlatformSurvivor/Saved/Config/Windows/Engine.ini]
[2020.02.28-15.22.18:620][  0]LogConfig: Applying CVar settings from Section [ViewDistanceQuality@3] File [C:/Users/Gustav.Liden/Documents/GitHub/HeartTeam/PlatformSurvivor/Saved/Config/Windows/Scalability.ini]
[2020.02.28-15.22.18:620][  0]LogConfig: Setting CVar [[r.SkeletalMeshLODBias:0]]
[2020.02.28-15.22.18:620][  0]LogConfig: Setting CVar [[r.ViewDistanceScale:1.0]]
[2020.02.28-15.22.18:620][  0]LogConfig: Applying CVar settings from Section [AntiAliasingQuality@3] File [C:/Users/Gustav.Liden/Documents/GitHub/HeartTeam/PlatformSurvivor/Saved/Config/Windows/Scalability.ini]
[2020.02.28-15.22.18:620][  0]LogConfig: Setting CVar [[r.PostProcessAAQuality:4]]
[2020.02.28-15.22.18:620][  0]LogConfig: Applying CVar settings from Section [ShadowQuality@3] File [C:/Users/Gustav.Liden/Documents/GitHub/HeartTeam/PlatformSurvivor/Saved/Config/Windows/Scalability.ini]
[2020.02.28-15.22.18:620][  0]LogConfig: Setting CVar [[r.LightFunctionQuality:1]]
[2020.02.28-15.22.18:620][  0]LogConfig: Setting CVar [[r.ShadowQuality:5]]
[2020.02.28-15.22.18:620][  0]LogConfig: Setting CVar [[r.Shadow.CSM.MaxCascades:10]]
[2020.02.28-15.22.18:620][  0]LogConfig: Setting CVar [[r.Shadow.MaxResolution:2048]]
[2020.02.28-15.22.18:620][  0]LogConfig: Setting CVar [[r.Shadow.MaxCSMResolution:2048]]
[2020.02.28-15.22.18:620][  0]LogConfig: Setting CVar [[r.Shadow.RadiusThreshold:0.01]]
[2020.02.28-15.22.18:620][  0]LogConfig: Setting CVar [[r.Shadow.DistanceScale:1.0]]
[2020.02.28-15.22.18:620][  0]LogConfig: Setting CVar [[r.Shadow.CSM.TransitionScale:1.0]]
[2020.02.28-15.22.18:621][  0]LogConfig: Setting CVar [[r.Shadow.PreShadowResolutionFactor:1.0]]
[2020.02.28-15.22.18:621][  0]LogConfig: Setting CVar [[r.DistanceFieldShadowing:1]]
[2020.02.28-15.22.18:621][  0]LogConfig: Setting CVar [[r.DistanceFieldAO:1]]
[2020.02.28-15.22.18:621][  0]LogConfig: Setting CVar [[r.AOQuality:2]]
[2020.02.28-15.22.18:621][  0]LogConfig: Setting CVar [[r.VolumetricFog:1]]
[2020.02.28-15.22.18:621][  0]LogConfig: Setting CVar [[r.VolumetricFog.GridPixelSize:8]]
[2020.02.28-15.22.18:621][  0]LogConfig: Setting CVar [[r.VolumetricFog.GridSizeZ:128]]
[2020.02.28-15.22.18:621][  0]LogConfig: Setting CVar [[r.VolumetricFog.HistoryMissSupersampleCount:4]]
[2020.02.28-15.22.18:621][  0]LogConfig: Setting CVar [[r.LightMaxDrawDistanceScale:1]]
[2020.02.28-15.22.18:621][  0]LogConfig: Setting CVar [[r.CapsuleShadows:1]]
[2020.02.28-15.22.18:621][  0]LogConfig: Applying CVar settings from Section [PostProcessQuality@3] File [C:/Users/Gustav.Liden/Documents/GitHub/HeartTeam/PlatformSurvivor/Saved/Config/Windows/Scalability.ini]
[2020.02.28-15.22.18:621][  0]LogConfig: Setting CVar [[r.MotionBlurQuality:4]]
[2020.02.28-15.22.18:621][  0]LogConfig: Setting CVar [[r.AmbientOcclusionMipLevelFactor:0.4]]
[2020.02.28-15.22.18:621][  0]LogConfig: Setting CVar [[r.AmbientOcclusionMaxQuality:100]]
[2020.02.28-15.22.18:621][  0]LogConfig: Setting CVar [[r.AmbientOcclusionLevels:-1]]
[2020.02.28-15.22.18:621][  0]LogConfig: Setting CVar [[r.AmbientOcclusionRadiusScale:1.0]]
[2020.02.28-15.22.18:621][  0]LogConfig: Setting CVar [[r.DepthOfFieldQuality:2]]
[2020.02.28-15.22.18:621][  0]LogConfig: Setting CVar [[r.RenderTargetPoolMin:400]]
[2020.02.28-15.22.18:621][  0]LogConfig: Setting CVar [[r.LensFlareQuality:2]]
[2020.02.28-15.22.18:621][  0]LogConfig: Setting CVar [[r.SceneColorFringeQuality:1]]
[2020.02.28-15.22.18:621][  0]LogConfig: Setting CVar [[r.EyeAdaptationQuality:2]]
[2020.02.28-15.22.18:621][  0]LogConfig: Setting CVar [[r.BloomQuality:5]]
[2020.02.28-15.22.18:621][  0]LogConfig: Setting CVar [[r.FastBlurThreshold:100]]
[2020.02.28-15.22.18:621][  0]LogConfig: Setting CVar [[r.Upscale.Quality:3]]
[2020.02.28-15.22.18:621][  0]LogConfig: Setting CVar [[r.Tonemapper.GrainQuantization:1]]
[2020.02.28-15.22.18:621][  0]LogConfig: Setting CVar [[r.LightShaftQuality:1]]
[2020.02.28-15.22.18:621][  0]LogConfig: Setting CVar [[r.Filter.SizeScale:1]]
[2020.02.28-15.22.18:621][  0]LogConfig: Setting CVar [[r.Tonemapper.Quality:5]]
[2020.02.28-15.22.18:621][  0]LogConfig: Setting CVar [[r.DOF.Gather.AccumulatorQuality:1        ; higher gathering accumulator quality]]
[2020.02.28-15.22.18:621][  0]LogConfig: Setting CVar [[r.DOF.Gather.PostfilterMethod:1          ; Median3x3 postfilering method]]
[2020.02.28-15.22.18:621][  0]LogConfig: Setting CVar [[r.DOF.Gather.EnableBokehSettings:0       ; no bokeh simulation when gathering]]
[2020.02.28-15.22.18:621][  0]LogConfig: Setting CVar [[r.DOF.Gather.RingCount:4                 ; medium number of samples when gathering]]
[2020.02.28-15.22.18:621][  0]LogConfig: Setting CVar [[r.DOF.Scatter.ForegroundCompositing:1    ; additive foreground scattering]]
[2020.02.28-15.22.18:621][  0]LogConfig: Setting CVar [[r.DOF.Scatter.BackgroundCompositing:2    ; additive background scattering]]
[2020.02.28-15.22.18:621][  0]LogConfig: Setting CVar [[r.DOF.Scatter.EnableBokehSettings:1      ; bokeh simulation when scattering]]
[2020.02.28-15.22.18:621][  0]LogConfig: Setting CVar [[r.DOF.Scatter.MaxSpriteRatio:0.1         ; only a maximum of 10% of scattered bokeh]]
[2020.02.28-15.22.18:621][  0]LogConfig: Setting CVar [[r.DOF.Recombine.Quality:1                ; cheap slight out of focus]]
[2020.02.28-15.22.18:621][  0]LogConfig: Setting CVar [[r.DOF.Recombine.EnableBokehSettings:0    ; no bokeh simulation on slight out of focus]]
[2020.02.28-15.22.18:621][  0]LogConfig: Setting CVar [[r.DOF.TemporalAAQuality:1                ; more stable temporal accumulation]]
[2020.02.28-15.22.18:621][  0]LogConfig: Setting CVar [[r.DOF.Kernel.MaxForegroundRadius:0.025]]
[2020.02.28-15.22.18:621][  0]LogConfig: Setting CVar [[r.DOF.Kernel.MaxBackgroundRadius:0.025]]
[2020.02.28-15.22.18:621][  0]LogConfig: Applying CVar settings from Section [TextureQuality@3] File [C:/Users/Gustav.Liden/Documents/GitHub/HeartTeam/PlatformSurvivor/Saved/Config/Windows/Scalability.ini]
[2020.02.28-15.22.18:621][  0]LogConfig: Setting CVar [[r.Streaming.MipBias:0]]
[2020.02.28-15.22.18:621][  0]LogConfig: Setting CVar [[r.Streaming.AmortizeCPUToGPUCopy:0]]
[2020.02.28-15.22.18:621][  0]LogConfig: Setting CVar [[r.Streaming.MaxNumTexturesToStreamPerFrame:0]]
[2020.02.28-15.22.18:621][  0]LogConfig: Setting CVar [[r.Streaming.Boost:1]]
[2020.02.28-15.22.18:621][  0]LogConfig: Setting CVar [[r.MaxAnisotropy:8]]
[2020.02.28-15.22.18:621][  0]LogConfig: Setting CVar [[r.VT.MaxAnisotropy:8]]
[2020.02.28-15.22.18:621][  0]LogConfig: Setting CVar [[r.Streaming.LimitPoolSizeToVRAM:0]]
[2020.02.28-15.22.18:621][  0]LogConfig: Setting CVar [[r.Streaming.PoolSize:1000]]
[2020.02.28-15.22.18:621][  0]LogConfig: Setting CVar [[r.Streaming.MaxEffectiveScreenSize:0]]
[2020.02.28-15.22.18:621][  0]LogConfig: Applying CVar settings from Section [EffectsQuality@3] File [C:/Users/Gustav.Liden/Documents/GitHub/HeartTeam/PlatformSurvivor/Saved/Config/Windows/Scalability.ini]
[2020.02.28-15.22.18:621][  0]LogConfig: Setting CVar [[r.TranslucencyLightingVolumeDim:64]]
[2020.02.28-15.22.18:621][  0]LogConfig: Setting CVar [[r.RefractionQuality:2]]
[2020.02.28-15.22.18:621][  0]LogConfig: Setting CVar [[r.SSR.Quality:3]]
[2020.02.28-15.22.18:621][  0]LogConfig: Setting CVar [[r.SSR.HalfResSceneColor:0]]
[2020.02.28-15.22.18:621][  0]LogConfig: Setting CVar [[r.SceneColorFormat:4]]
[2020.02.28-15.22.18:621][  0]LogConfig: Setting CVar [[r.DetailMode:2]]
[2020.02.28-15.22.18:621][  0]LogConfig: Setting CVar [[r.TranslucencyVolumeBlur:1]]
[2020.02.28-15.22.18:621][  0]LogConfig: Setting CVar [[r.MaterialQualityLevel:1 ; High quality]]
[2020.02.28-15.22.18:621][  0]LogConfig: Setting CVar [[r.SSS.Scale:1]]
[2020.02.28-15.22.18:621][  0]LogConfig: Setting CVar [[r.SSS.SampleSet:2]]
[2020.02.28-15.22.18:621][  0]LogConfig: Setting CVar [[r.SSS.Quality:1]]
[2020.02.28-15.22.18:621][  0]LogConfig: Setting CVar [[r.SSS.HalfRes:1]]
[2020.02.28-15.22.18:621][  0]LogConfig: Setting CVar [[r.SSGI.Quality:3]]
[2020.02.28-15.22.18:621][  0]LogConfig: Setting CVar [[r.EmitterSpawnRateScale:1.0]]
[2020.02.28-15.22.18:621][  0]LogConfig: Setting CVar [[r.ParticleLightQuality:2]]
[2020.02.28-15.22.18:621][  0]LogConfig: Setting CVar [[r.SkyAtmosphere.AerialPerspectiveLUT.FastApplyOnOpaque:1 ; Always have FastSkyLUT 1 in this case to avoid wrong sky]]
[2020.02.28-15.22.18:621][  0]LogConfig: Setting CVar [[r.SkyAtmosphere.AerialPerspectiveLUT.SampleCountPerSlice:1]]
[2020.02.28-15.22.18:621][  0]LogConfig: Setting CVar [[r.SkyAtmosphere.AerialPerspectiveLUT.DepthResolution:16.0]]
[2020.02.28-15.22.18:621][  0]LogConfig: Setting CVar [[r.SkyAtmosphere.FastSkyLUT:1]]
[2020.02.28-15.22.18:621][  0]LogConfig: Setting CVar [[r.SkyAtmosphere.FastSkyLUT.SampleCountMin:4.0]]
[2020.02.28-15.22.18:621][  0]LogConfig: Setting CVar [[r.SkyAtmosphere.FastSkyLUT.SampleCountMax:32.0]]
[2020.02.28-15.22.18:621][  0]LogConfig: Setting CVar [[r.SkyAtmosphere.SampleCountMin:4.0]]
[2020.02.28-15.22.18:621][  0]LogConfig: Setting CVar [[r.SkyAtmosphere.SampleCountMax:32.0]]
[2020.02.28-15.22.18:621][  0]LogConfig: Setting CVar [[r.SkyAtmosphere.TransmittanceLUT.UseSmallFormat:0]]
[2020.02.28-15.22.18:621][  0]LogConfig: Setting CVar [[r.SkyAtmosphere.TransmittanceLUT.SampleCount:10.0]]
[2020.02.28-15.22.18:621][  0]LogConfig: Setting CVar [[r.SkyAtmosphere.MultiScatteringLUT.SampleCount:15.0]]
[2020.02.28-15.22.18:621][  0]LogConfig: Applying CVar settings from Section [FoliageQuality@3] File [C:/Users/Gustav.Liden/Documents/GitHub/HeartTeam/PlatformSurvivor/Saved/Config/Windows/Scalability.ini]
[2020.02.28-15.22.18:621][  0]LogConfig: Setting CVar [[foliage.DensityScale:1.0]]
[2020.02.28-15.22.18:621][  0]LogConfig: Setting CVar [[grass.DensityScale:1.0]]
[2020.02.28-15.22.18:621][  0]LogConfig: Applying CVar settings from Section [ShadingQuality@3] File [C:/Users/Gustav.Liden/Documents/GitHub/HeartTeam/PlatformSurvivor/Saved/Config/Windows/Scalability.ini]
[2020.02.28-15.22.18:621][  0]LogConfig: Setting CVar [[r.HairStrands.SkyLighting.SampleCount:16]]
[2020.02.28-15.22.18:621][  0]LogConfig: Setting CVar [[r.HairStrands.SkyLighting.JitterIntegration:0]]
[2020.02.28-15.22.18:621][  0]LogConfig: Setting CVar [[r.HairStrands.SkyAO.SampleCount:16]]
[2020.02.28-15.22.18:621][  0]LogInit: Selected Device Profile: [Windows]
[2020.02.28-15.22.18:621][  0]LogInit: Applying CVar settings loaded from the selected device profile: [Windows]
[2020.02.28-15.22.18:623][  0]LogHAL: Display: Platform has ~ 16 GB [17086185472 / 17179869184 / 16], which maps to Larger [LargestMinGB=32, LargerMinGB=12, DefaultMinGB=8, SmallerMinGB=6, SmallestMinGB=0)
[2020.02.28-15.22.18:623][  0]LogInit: Going up to parent DeviceProfile []
[2020.02.28-15.22.18:624][  0]LogConfig: Applying CVar settings from Section [ViewDistanceQuality@3] File [C:/Users/Gustav.Liden/Documents/GitHub/HeartTeam/PlatformSurvivor/Saved/Config/Windows/Scalability.ini]
[2020.02.28-15.22.18:624][  0]LogConfig: Setting CVar [[r.SkeletalMeshLODBias:0]]
[2020.02.28-15.22.18:624][  0]LogConfig: Setting CVar [[r.ViewDistanceScale:1.0]]
[2020.02.28-15.22.18:624][  0]LogConfig: Applying CVar settings from Section [AntiAliasingQuality@3] File [C:/Users/Gustav.Liden/Documents/GitHub/HeartTeam/PlatformSurvivor/Saved/Config/Windows/Scalability.ini]
[2020.02.28-15.22.18:624][  0]LogConfig: Setting CVar [[r.PostProcessAAQuality:4]]
[2020.02.28-15.22.18:624][  0]LogConfig: Applying CVar settings from Section [ShadowQuality@3] File [C:/Users/Gustav.Liden/Documents/GitHub/HeartTeam/PlatformSurvivor/Saved/Config/Windows/Scalability.ini]
[2020.02.28-15.22.18:624][  0]LogConfig: Setting CVar [[r.LightFunctionQuality:1]]
[2020.02.28-15.22.18:624][  0]LogConfig: Setting CVar [[r.ShadowQuality:5]]
[2020.02.28-15.22.18:624][  0]LogConfig: Setting CVar [[r.Shadow.CSM.MaxCascades:10]]
[2020.02.28-15.22.18:624][  0]LogConfig: Setting CVar [[r.Shadow.MaxResolution:2048]]
[2020.02.28-15.22.18:624][  0]LogConfig: Setting CVar [[r.Shadow.MaxCSMResolution:2048]]
[2020.02.28-15.22.18:624][  0]LogConfig: Setting CVar [[r.Shadow.RadiusThreshold:0.01]]
[2020.02.28-15.22.18:624][  0]LogConfig: Setting CVar [[r.Shadow.DistanceScale:1.0]]
[2020.02.28-15.22.18:624][  0]LogConfig: Setting CVar [[r.Shadow.CSM.TransitionScale:1.0]]
[2020.02.28-15.22.18:624][  0]LogConfig: Setting CVar [[r.Shadow.PreShadowResolutionFactor:1.0]]
[2020.02.28-15.22.18:624][  0]LogConfig: Setting CVar [[r.DistanceFieldShadowing:1]]
[2020.02.28-15.22.18:624][  0]LogConfig: Setting CVar [[r.DistanceFieldAO:1]]
[2020.02.28-15.22.18:624][  0]LogConfig: Setting CVar [[r.AOQuality:2]]
[2020.02.28-15.22.18:624][  0]LogConfig: Setting CVar [[r.VolumetricFog:1]]
[2020.02.28-15.22.18:624][  0]LogConfig: Setting CVar [[r.VolumetricFog.GridPixelSize:8]]
[2020.02.28-15.22.18:624][  0]LogConfig: Setting CVar [[r.VolumetricFog.GridSizeZ:128]]
[2020.02.28-15.22.18:624][  0]LogConfig: Setting CVar [[r.VolumetricFog.HistoryMissSupersampleCount:4]]
[2020.02.28-15.22.18:624][  0]LogConfig: Setting CVar [[r.LightMaxDrawDistanceScale:1]]
[2020.02.28-15.22.18:624][  0]LogConfig: Setting CVar [[r.CapsuleShadows:1]]
[2020.02.28-15.22.18:624][  0]LogConfig: Applying CVar settings from Section [PostProcessQuality@3] File [C:/Users/Gustav.Liden/Documents/GitHub/HeartTeam/PlatformSurvivor/Saved/Config/Windows/Scalability.ini]
[2020.02.28-15.22.18:624][  0]LogConfig: Setting CVar [[r.MotionBlurQuality:4]]
[2020.02.28-15.22.18:624][  0]LogConfig: Setting CVar [[r.AmbientOcclusionMipLevelFactor:0.4]]
[2020.02.28-15.22.18:624][  0]LogConfig: Setting CVar [[r.AmbientOcclusionMaxQuality:100]]
[2020.02.28-15.22.18:624][  0]LogConfig: Setting CVar [[r.AmbientOcclusionLevels:-1]]
[2020.02.28-15.22.18:624][  0]LogConfig: Setting CVar [[r.AmbientOcclusionRadiusScale:1.0]]
[2020.02.28-15.22.18:624][  0]LogConfig: Setting CVar [[r.DepthOfFieldQuality:2]]
[2020.02.28-15.22.18:624][  0]LogConfig: Setting CVar [[r.RenderTargetPoolMin:400]]
[2020.02.28-15.22.18:624][  0]LogConfig: Setting CVar [[r.LensFlareQuality:2]]
[2020.02.28-15.22.18:624][  0]LogConfig: Setting CVar [[r.SceneColorFringeQuality:1]]
[2020.02.28-15.22.18:624][  0]LogConfig: Setting CVar [[r.EyeAdaptationQuality:2]]
[2020.02.28-15.22.18:624][  0]LogConfig: Setting CVar [[r.BloomQuality:5]]
[2020.02.28-15.22.18:624][  0]LogConfig: Setting CVar [[r.FastBlurThreshold:100]]
[2020.02.28-15.22.18:624][  0]LogConfig: Setting CVar [[r.Upscale.Quality:3]]
[2020.02.28-15.22.18:624][  0]LogConfig: Setting CVar [[r.Tonemapper.GrainQuantization:1]]
[2020.02.28-15.22.18:624][  0]LogConfig: Setting CVar [[r.LightShaftQuality:1]]
[2020.02.28-15.22.18:624][  0]LogConfig: Setting CVar [[r.Filter.SizeScale:1]]
[2020.02.28-15.22.18:624][  0]LogConfig: Setting CVar [[r.Tonemapper.Quality:5]]
[2020.02.28-15.22.18:624][  0]LogConfig: Setting CVar [[r.DOF.Gather.AccumulatorQuality:1        ; higher gathering accumulator quality]]
[2020.02.28-15.22.18:624][  0]LogConfig: Setting CVar [[r.DOF.Gather.PostfilterMethod:1          ; Median3x3 postfilering method]]
[2020.02.28-15.22.18:624][  0]LogConfig: Setting CVar [[r.DOF.Gather.EnableBokehSettings:0       ; no bokeh simulation when gathering]]
[2020.02.28-15.22.18:624][  0]LogConfig: Setting CVar [[r.DOF.Gather.RingCount:4                 ; medium number of samples when gathering]]
[2020.02.28-15.22.18:624][  0]LogConfig: Setting CVar [[r.DOF.Scatter.ForegroundCompositing:1    ; additive foreground scattering]]
[2020.02.28-15.22.18:624][  0]LogConfig: Setting CVar [[r.DOF.Scatter.BackgroundCompositing:2    ; additive background scattering]]
[2020.02.28-15.22.18:624][  0]LogConfig: Setting CVar [[r.DOF.Scatter.EnableBokehSettings:1      ; bokeh simulation when scattering]]
[2020.02.28-15.22.18:624][  0]LogConfig: Setting CVar [[r.DOF.Scatter.MaxSpriteRatio:0.1         ; only a maximum of 10% of scattered bokeh]]
[2020.02.28-15.22.18:624][  0]LogConfig: Setting CVar [[r.DOF.Recombine.Quality:1                ; cheap slight out of focus]]
[2020.02.28-15.22.18:624][  0]LogConfig: Setting CVar [[r.DOF.Recombine.EnableBokehSettings:0    ; no bokeh simulation on slight out of focus]]
[2020.02.28-15.22.18:624][  0]LogConfig: Setting CVar [[r.DOF.TemporalAAQuality:1                ; more stable temporal accumulation]]
[2020.02.28-15.22.18:624][  0]LogConfig: Setting CVar [[r.DOF.Kernel.MaxForegroundRadius:0.025]]
[2020.02.28-15.22.18:624][  0]LogConfig: Setting CVar [[r.DOF.Kernel.MaxBackgroundRadius:0.025]]
[2020.02.28-15.22.18:624][  0]LogConfig: Applying CVar settings from Section [TextureQuality@3] File [C:/Users/Gustav.Liden/Documents/GitHub/HeartTeam/PlatformSurvivor/Saved/Config/Windows/Scalability.ini]
[2020.02.28-15.22.18:624][  0]LogConfig: Setting CVar [[r.Streaming.MipBias:0]]
[2020.02.28-15.22.18:624][  0]LogConfig: Setting CVar [[r.Streaming.AmortizeCPUToGPUCopy:0]]
[2020.02.28-15.22.18:624][  0]LogConfig: Setting CVar [[r.Streaming.MaxNumTexturesToStreamPerFrame:0]]
[2020.02.28-15.22.18:624][  0]LogConfig: Setting CVar [[r.Streaming.Boost:1]]
[2020.02.28-15.22.18:624][  0]LogConfig: Setting CVar [[r.MaxAnisotropy:8]]
[2020.02.28-15.22.18:624][  0]LogConfig: Setting CVar [[r.VT.MaxAnisotropy:8]]
[2020.02.28-15.22.18:624][  0]LogConfig: Setting CVar [[r.Streaming.LimitPoolSizeToVRAM:0]]
[2020.02.28-15.22.18:624][  0]LogConfig: Setting CVar [[r.Streaming.PoolSize:1000]]
[2020.02.28-15.22.18:624][  0]LogConfig: Setting CVar [[r.Streaming.MaxEffectiveScreenSize:0]]
[2020.02.28-15.22.18:624][  0]LogConfig: Applying CVar settings from Section [EffectsQuality@3] File [C:/Users/Gustav.Liden/Documents/GitHub/HeartTeam/PlatformSurvivor/Saved/Config/Windows/Scalability.ini]
[2020.02.28-15.22.18:624][  0]LogConfig: Setting CVar [[r.TranslucencyLightingVolumeDim:64]]
[2020.02.28-15.22.18:624][  0]LogConfig: Setting CVar [[r.RefractionQuality:2]]
[2020.02.28-15.22.18:624][  0]LogConfig: Setting CVar [[r.SSR.Quality:3]]
[2020.02.28-15.22.18:624][  0]LogConfig: Setting CVar [[r.SSR.HalfResSceneColor:0]]
[2020.02.28-15.22.18:624][  0]LogConfig: Setting CVar [[r.SceneColorFormat:4]]
[2020.02.28-15.22.18:624][  0]LogConfig: Setting CVar [[r.DetailMode:2]]
[2020.02.28-15.22.18:624][  0]LogConfig: Setting CVar [[r.TranslucencyVolumeBlur:1]]
[2020.02.28-15.22.18:624][  0]LogConfig: Setting CVar [[r.MaterialQualityLevel:1 ; High quality]]
[2020.02.28-15.22.18:624][  0]LogConfig: Setting CVar [[r.SSS.Scale:1]]
[2020.02.28-15.22.18:624][  0]LogConfig: Setting CVar [[r.SSS.SampleSet:2]]
[2020.02.28-15.22.18:624][  0]LogConfig: Setting CVar [[r.SSS.Quality:1]]
[2020.02.28-15.22.18:624][  0]LogConfig: Setting CVar [[r.SSS.HalfRes:1]]
[2020.02.28-15.22.18:624][  0]LogConfig: Setting CVar [[r.SSGI.Quality:3]]
[2020.02.28-15.22.18:624][  0]LogConfig: Setting CVar [[r.EmitterSpawnRateScale:1.0]]
[2020.02.28-15.22.18:624][  0]LogConfig: Setting CVar [[r.ParticleLightQuality:2]]
[2020.02.28-15.22.18:624][  0]LogConfig: Setting CVar [[r.SkyAtmosphere.AerialPerspectiveLUT.FastApplyOnOpaque:1 ; Always have FastSkyLUT 1 in this case to avoid wrong sky]]
[2020.02.28-15.22.18:624][  0]LogConfig: Setting CVar [[r.SkyAtmosphere.AerialPerspectiveLUT.SampleCountPerSlice:1]]
[2020.02.28-15.22.18:624][  0]LogConfig: Setting CVar [[r.SkyAtmosphere.AerialPerspectiveLUT.DepthResolution:16.0]]
[2020.02.28-15.22.18:624][  0]LogConfig: Setting CVar [[r.SkyAtmosphere.FastSkyLUT:1]]
[2020.02.28-15.22.18:624][  0]LogConfig: Setting CVar [[r.SkyAtmosphere.FastSkyLUT.SampleCountMin:4.0]]
[2020.02.28-15.22.18:624][  0]LogConfig: Setting CVar [[r.SkyAtmosphere.FastSkyLUT.SampleCountMax:32.0]]
[2020.02.28-15.22.18:624][  0]LogConfig: Setting CVar [[r.SkyAtmosphere.SampleCountMin:4.0]]
[2020.02.28-15.22.18:624][  0]LogConfig: Setting CVar [[r.SkyAtmosphere.SampleCountMax:32.0]]
[2020.02.28-15.22.18:624][  0]LogConfig: Setting CVar [[r.SkyAtmosphere.TransmittanceLUT.UseSmallFormat:0]]
[2020.02.28-15.22.18:624][  0]LogConfig: Setting CVar [[r.SkyAtmosphere.TransmittanceLUT.SampleCount:10.0]]
[2020.02.28-15.22.18:624][  0]LogConfig: Setting CVar [[r.SkyAtmosphere.MultiScatteringLUT.SampleCount:15.0]]
[2020.02.28-15.22.18:624][  0]LogConfig: Applying CVar settings from Section [FoliageQuality@3] File [C:/Users/Gustav.Liden/Documents/GitHub/HeartTeam/PlatformSurvivor/Saved/Config/Windows/Scalability.ini]
[2020.02.28-15.22.18:625][  0]LogConfig: Setting CVar [[foliage.DensityScale:1.0]]
[2020.02.28-15.22.18:625][  0]LogConfig: Setting CVar [[grass.DensityScale:1.0]]
[2020.02.28-15.22.18:625][  0]LogConfig: Applying CVar settings from Section [ShadingQuality@3] File [C:/Users/Gustav.Liden/Documents/GitHub/HeartTeam/PlatformSurvivor/Saved/Config/Windows/Scalability.ini]
[2020.02.28-15.22.18:625][  0]LogConfig: Setting CVar [[r.HairStrands.SkyLighting.SampleCount:16]]
[2020.02.28-15.22.18:625][  0]LogConfig: Setting CVar [[r.HairStrands.SkyLighting.JitterIntegration:0]]
[2020.02.28-15.22.18:625][  0]LogConfig: Setting CVar [[r.HairStrands.SkyAO.SampleCount:16]]
[2020.02.28-15.22.18:625][  0]LogConfig: Applying CVar settings from Section [Startup] File [../../../Engine/Config/ConsoleVariables.ini]
[2020.02.28-15.22.18:625][  0]LogConfig: Setting CVar [[net.UseAdaptiveNetUpdateFrequency:0]]
[2020.02.28-15.22.18:625][  0]LogConfig: Setting CVar [[p.chaos.AllowCreatePhysxBodies:1]]
[2020.02.28-15.22.18:625][  0]LogConfig: Applying CVar settings from Section [ConsoleVariables] File [C:/Users/Gustav.Liden/Documents/GitHub/HeartTeam/PlatformSurvivor/Saved/Config/Windows/Engine.ini]
[2020.02.28-15.22.18:625][  0]LogInit: Computer: FG19094
[2020.02.28-15.22.18:625][  0]LogInit: User: GustavLiden
[2020.02.28-15.22.18:625][  0]LogInit: CPU Page size=4096, Cores=6
[2020.02.28-15.22.18:625][  0]LogInit: High frequency timer resolution =10.000000 MHz
[2020.02.28-15.22.18:625][  0]LogMemory: Memory total: Physical=15.9GB (16GB approx)
[2020.02.28-15.22.18:625][  0]LogMemory: Platform Memory Stats for Windows
[2020.02.28-15.22.18:625][  0]LogMemory: Process Physical Memory: 104.43 MB used, 104.44 MB peak
[2020.02.28-15.22.18:625][  0]LogMemory: Process Virtual Memory: 100.32 MB used, 100.32 MB peak
[2020.02.28-15.22.18:625][  0]LogMemory: Physical Memory: 7008.91 MB used,  9285.74 MB free, 16294.66 MB total
[2020.02.28-15.22.18:625][  0]LogMemory: Virtual Memory: 5131.52 MB used,  134212600.00 MB free, 134217728.00 MB total
[2020.02.28-15.22.18:627][  0]LogWindows: WindowsPlatformFeatures enabled
[2020.02.28-15.22.18:638][  0]LogInit: Using OS detected language (en-US).
[2020.02.28-15.22.18:638][  0]LogInit: Using OS detected locale (en-SE).
[2020.02.28-15.22.18:639][  0]LogTextLocalizationManager: No specific localization for 'en-US' exists, so the 'en' localization will be used.
[2020.02.28-15.22.18:761][  0]LogInit: Setting process to per monitor DPI aware
[2020.02.28-15.22.18:783][  0]LogSlate: New Slate User Created.  User Index 0, Is Virtual User: 0
[2020.02.28-15.22.18:783][  0]LogSlate: Slate User Registered.  User Index 0, Is Virtual User: 0
[2020.02.28-15.22.18:877][  0]LogHMD: Failed to initialize OpenVR with code 110
[2020.02.28-15.22.18:877][  0]LogD3D11RHI: D3D11 min allowed feature level: 11_0
[2020.02.28-15.22.18:877][  0]LogD3D11RHI: D3D11 max allowed feature level: 11_0
[2020.02.28-15.22.18:877][  0]LogD3D11RHI: D3D11 adapters:
[2020.02.28-15.22.18:937][  0]LogD3D11RHI:    0. 'NVIDIA GeForce RTX 2060' (Feature Level 11_0)
[2020.02.28-15.22.18:937][  0]LogD3D11RHI:       5980/0/8147 MB DedicatedVideo/DedicatedSystem/SharedSystem, Outputs:2, VendorId:0x10de
[2020.02.28-15.22.18:939][  0]LogD3D11RHI:    1. 'Microsoft Basic Render Driver' (Feature Level 11_0)
[2020.02.28-15.22.18:939][  0]LogD3D11RHI:       0/0/8147 MB DedicatedVideo/DedicatedSystem/SharedSystem, Outputs:0, VendorId:0x1414
[2020.02.28-15.22.18:939][  0]LogD3D11RHI: Chosen D3D11 Adapter: 0
[2020.02.28-15.22.18:945][  0]LogD3D11RHI: Creating new Direct3DDevice
[2020.02.28-15.22.18:945][  0]LogD3D11RHI:     GPU DeviceId: 0x1f08 (for the marketing name, search the web for "GPU Device Id")
[2020.02.28-15.22.18:945][  0]LogWindows: EnumDisplayDevices:
[2020.02.28-15.22.18:945][  0]LogWindows:    0. 'NVIDIA GeForce RTX 2060' (P:1 D:1)
[2020.02.28-15.22.18:945][  0]LogWindows:    1. 'NVIDIA GeForce RTX 2060' (P:0 D:1)
[2020.02.28-15.22.18:945][  0]LogWindows:    2. 'NVIDIA GeForce RTX 2060' (P:0 D:0)
[2020.02.28-15.22.18:945][  0]LogWindows:    3. 'NVIDIA GeForce RTX 2060' (P:0 D:0)
[2020.02.28-15.22.18:946][  0]LogWindows: DebugString: FoundDriverCount:4 
[2020.02.28-15.22.18:946][  0]LogD3D11RHI:     Adapter Name: NVIDIA GeForce RTX 2060
[2020.02.28-15.22.18:946][  0]LogD3D11RHI:   Driver Version: 442.19 (internal:26.21.14.4219, unified:442.19)
[2020.02.28-15.22.18:946][  0]LogD3D11RHI:      Driver Date: 1-29-2020
[2020.02.28-15.22.18:946][  0]LogRHI: Texture pool is 4186 MB (70% of 5980 MB)
[2020.02.28-15.22.18:980][  0]LogD3D11RHI: RHI has support for 64 bit atomics
[2020.02.28-15.22.18:980][  0]LogD3D11RHI: Async texture creation enabled
[2020.02.28-15.22.19:014][  0]LogD3D11RHI: GPU Timing Frequency: 1000.000000 (Debug: 2 2)
[2020.02.28-15.22.19:242][  0]LogTargetPlatformManager: Display: Loaded TargetPlatform 'AllDesktop'
[2020.02.28-15.22.19:269][  0]LogTargetPlatformManager: Display: Loaded TargetPlatform 'Android'
[2020.02.28-15.22.19:269][  0]LogTargetPlatformManager: Display: Loaded TargetPlatform 'Android_ASTC'
[2020.02.28-15.22.19:269][  0]LogTargetPlatformManager: Display: Loaded TargetPlatform 'Android_ATC'
[2020.02.28-15.22.19:269][  0]LogTargetPlatformManager: Display: Loaded TargetPlatform 'Android_DXT'
[2020.02.28-15.22.19:269][  0]LogTargetPlatformManager: Display: Loaded TargetPlatform 'Android_ETC1'
[2020.02.28-15.22.19:269][  0]LogTargetPlatformManager: Display: Loaded TargetPlatform 'Android_ETC1a'
[2020.02.28-15.22.19:269][  0]LogTargetPlatformManager: Display: Loaded TargetPlatform 'Android_ETC2'
[2020.02.28-15.22.19:269][  0]LogTargetPlatformManager: Display: Loaded TargetPlatform 'Android_PVRTC'
[2020.02.28-15.22.19:269][  0]LogTargetPlatformManager: Display: Loaded TargetPlatform 'AndroidClient'
[2020.02.28-15.22.19:269][  0]LogTargetPlatformManager: Display: Loaded TargetPlatform 'Android_ASTCClient'
[2020.02.28-15.22.19:269][  0]LogTargetPlatformManager: Display: Loaded TargetPlatform 'Android_ATCClient'
[2020.02.28-15.22.19:269][  0]LogTargetPlatformManager: Display: Loaded TargetPlatform 'Android_DXTClient'
[2020.02.28-15.22.19:269][  0]LogTargetPlatformManager: Display: Loaded TargetPlatform 'Android_ETC1Client'
[2020.02.28-15.22.19:269][  0]LogTargetPlatformManager: Display: Loaded TargetPlatform 'Android_ETC1aClient'
[2020.02.28-15.22.19:269][  0]LogTargetPlatformManager: Display: Loaded TargetPlatform 'Android_ETC2Client'
[2020.02.28-15.22.19:269][  0]LogTargetPlatformManager: Display: Loaded TargetPlatform 'Android_PVRTCClient'
[2020.02.28-15.22.19:269][  0]LogTargetPlatformManager: Display: Loaded TargetPlatform 'Android_Multi'
[2020.02.28-15.22.19:269][  0]LogTargetPlatformManager: Display: Loaded TargetPlatform 'Android_MultiClient'
[2020.02.28-15.22.19:283][  0]LogTargetPlatformManager: Display: Loaded TargetPlatform 'IOSClient'
[2020.02.28-15.22.19:283][  0]LogTargetPlatformManager: Display: Loaded TargetPlatform 'IOS'
[2020.02.28-15.22.19:289][  0]LogTargetPlatformManager: Display: Loaded TargetPlatform 'LinuxNoEditor'
[2020.02.28-15.22.19:295][  0]LogTargetPlatformManager: Display: Loaded TargetPlatform 'LinuxClient'
[2020.02.28-15.22.19:300][  0]LogTargetPlatformManager: Display: Loaded TargetPlatform 'LinuxServer'
[2020.02.28-15.22.19:305][  0]LogTargetPlatformManager: Display: Loaded TargetPlatform 'LinuxAArch64NoEditor'
[2020.02.28-15.22.19:311][  0]LogTargetPlatformManager: Display: Loaded TargetPlatform 'LinuxAArch64Client'
[2020.02.28-15.22.19:317][  0]LogTargetPlatformManager: Display: Loaded TargetPlatform 'LinuxAArch64Server'
[2020.02.28-15.22.19:335][  0]LogTargetPlatformManager: Display: Loaded TargetPlatform 'Lumin'
[2020.02.28-15.22.19:336][  0]LogTargetPlatformManager: Display: Loaded TargetPlatform 'LuminClient'
[2020.02.28-15.22.19:348][  0]LogTargetPlatformManager: Display: Loaded TargetPlatform 'TVOSClient'
[2020.02.28-15.22.19:348][  0]LogTargetPlatformManager: Display: Loaded TargetPlatform 'TVOS'
[2020.02.28-15.22.19:354][  0]LogTargetPlatformManager: Display: Loaded TargetPlatform 'WindowsNoEditor'
[2020.02.28-15.22.19:362][  0]LogTargetPlatformManager: Display: Loaded TargetPlatform 'Windows'
[2020.02.28-15.22.19:367][  0]LogTargetPlatformManager: Display: Loaded TargetPlatform 'WindowsClient'
[2020.02.28-15.22.19:373][  0]LogTargetPlatformManager: Display: Loaded TargetPlatform 'WindowsServer'
[2020.02.28-15.22.19:373][  0]LogTargetPlatformManager: Display: Building Assets For Windows
[2020.02.28-15.22.19:375][  0]LogAudioDebug: Display: Lib vorbis DLL was dynamically loaded.
[2020.02.28-15.22.19:391][  0]LogShaderCompilers: Guid format shader working directory is -28 characters bigger than the processId version (../../../../../../Users/Gustav.Liden/Documents/GitHub/HeartTeam/PlatformSurvivor/Intermediate/Shaders/WorkingDirectory/11112/).
[2020.02.28-15.22.19:392][  0]LogShaderCompilers: Cleaned the shader compiler working directory 'C:/Users/Gustav.Liden/AppData/Local/Temp/UnrealShaderWorkingDir/F2C34FAE485023B2A7D796BD29DF2A29/'.
[2020.02.28-15.22.19:392][  0]LogXGEController: Cannot use XGE Controller as Incredibuild is not installed on this machine.
[2020.02.28-15.22.19:392][  0]LogShaderCompilers: Cannot use XGE Shader Compiler as Incredibuild is not installed on this machine.
[2020.02.28-15.22.19:392][  0]LogShaderCompilers: Display: Using Local Shader Compiler.
[2020.02.28-15.22.19:949][  0]LogDerivedDataCache: Display: Max Cache Size: 512 MB
[2020.02.28-15.22.19:992][  0]LogDerivedDataCache: Loaded boot cache 0.04s 78MB C:/Users/Gustav.Liden/AppData/Local/UnrealEngine/4.24/DerivedDataCache/Boot.ddc.
[2020.02.28-15.22.19:992][  0]LogDerivedDataCache: Display: Loaded Boot cache: C:/Users/Gustav.Liden/AppData/Local/UnrealEngine/4.24/DerivedDataCache/Boot.ddc
[2020.02.28-15.22.19:992][  0]LogDerivedDataCache: FDerivedDataBackendGraph:  Pak pak cache file ../../../../../../Users/Gustav.Liden/Documents/GitHub/HeartTeam/PlatformSurvivor/DerivedDataCache/DDC.ddp not found, will not use a pak cache.
[2020.02.28-15.22.19:992][  0]LogDerivedDataCache: Unable to find inner node Pak for hierarchical cache Hierarchy.
[2020.02.28-15.22.19:992][  0]LogDerivedDataCache: FDerivedDataBackendGraph:  CompressedPak pak cache file ../../../../../../Users/Gustav.Liden/Documents/GitHub/HeartTeam/PlatformSurvivor/DerivedDataCache/Compressed.ddp not found, will not use a pak cache.
[2020.02.28-15.22.19:992][  0]LogDerivedDataCache: Unable to find inner node CompressedPak for hierarchical cache Hierarchy.
[2020.02.28-15.22.20:000][  0]LogDerivedDataCache: Display: Pak cache opened for reading ../../../Engine/DerivedDataCache/Compressed.ddp.
[2020.02.28-15.22.20:000][  0]LogDerivedDataCache: FDerivedDataBackendGraph:  EnterprisePak pak cache file ../../../Enterprise/DerivedDataCache/Compressed.ddp not found, will not use a pak cache.
[2020.02.28-15.22.20:000][  0]LogDerivedDataCache: Unable to find inner node EnterprisePak for hierarchical cache Hierarchy.
[2020.02.28-15.22.20:001][  0]LogDerivedDataCache: Using Local data cache path C:/Users/Gustav.Liden/AppData/Local/UnrealEngine/Common/DerivedDataCache: Writable
[2020.02.28-15.22.20:001][  0]LogDerivedDataCache: Shared data cache path not found in *engine.ini, will not use an Shared cache.
[2020.02.28-15.22.20:001][  0]LogDerivedDataCache: Unable to find inner node Shared for hierarchical cache Hierarchy.
[2020.02.28-15.22.20:021][  0]LogMaterial: Verifying Global Shaders for PCD3D_SM5
[2020.02.28-15.22.20:023][  0]LogSlate: Using FreeType 2.10.0
[2020.02.28-15.22.20:023][  0]LogSlate: SlateFontServices - WITH_FREETYPE: 1, WITH_HARFBUZZ: 1
[2020.02.28-15.22.20:061][  0]LogAssetRegistry: FAssetRegistry took 0.0020 seconds to start up
[2020.02.28-15.22.20:274][  0]LogInit: Selected Device Profile: [Windows]
[2020.02.28-15.22.20:397][  0]LogMeshReduction: Using QuadricMeshReduction for automatic static mesh reduction
[2020.02.28-15.22.20:397][  0]LogMeshReduction: Using SimplygonMeshReduction for automatic skeletal mesh reduction
[2020.02.28-15.22.20:397][  0]LogMeshReduction: Using ProxyLODMeshReduction for automatic mesh merging
[2020.02.28-15.22.20:397][  0]LogMeshReduction: No distributed automatic mesh merging module available
[2020.02.28-15.22.20:397][  0]LogMeshMerging: No distributed automatic mesh merging module available
[2020.02.28-15.22.20:406][  0]LogNetVersion: PlatformSurvivor 1.0.0, NetCL: 10570792, EngineNetVer: 13, GameNetVer: 0 (Checksum: 1605235366)
[2020.02.28-15.22.21:169][  0]LogPackageLocalizationCache: Processed 10 localized package path(s) for 1 prioritized culture(s) in 0.034677 seconds
[2020.02.28-15.22.21:175][  0]LogUObjectArray: 46750 objects as part of root set at end of initial load.
[2020.02.28-15.22.21:175][  0]LogUObjectAllocator: 8137160 out of 0 bytes used by permanent object pool.
[2020.02.28-15.22.21:175][  0]LogUObjectArray: CloseDisregardForGC: 0/0 objects in disregard for GC pool
[2020.02.28-15.22.21:461][  0]LogTcpMessaging: Initializing TcpMessaging bridge
[2020.02.28-15.22.21:463][  0]LogUdpMessaging: Initializing bridge on interface 0.0.0.0:0 to multicast group 230.0.0.1:6666.
[2020.02.28-15.22.21:498][  0]SourceControl: Source control is disabled
[2020.02.28-15.22.21:498][  0]SourceControl: Source control is disabled
[2020.02.28-15.22.21:498][  0]SourceControl: Source control is disabled
[2020.02.28-15.22.21:499][  0]SourceControl: Source control is disabled
[2020.02.28-15.22.21:499][  0]SourceControl: Source control is disabled
[2020.02.28-15.22.21:555][  0]LogAndroidPermission: UAndroidPermissionCallbackProxy::GetInstance
[2020.02.28-15.22.21:563][  0]LogAudioCaptureCore: Display: No Audio Capture implementations found. Audio input will be silent.
[2020.02.28-15.22.21:563][  0]LogAudioCaptureCore: Display: No Audio Capture implementations found. Audio input will be silent.
[2020.02.28-15.22.21:625][  0]LogOcInput: OculusInput pre-init called
[2020.02.28-15.22.21:630][  0]LogWindows: Failed to load 'OVRPlugin.dll' (GetLastError=126)
[2020.02.28-15.22.21:630][  0]LogWindows: File 'OVRPlugin.dll' does not exist
[2020.02.28-15.22.21:680][  0]LogEngine: Initializing Engine...
[2020.02.28-15.22.21:681][  0]LogHMD: Failed to initialize OpenVR with code 110
[2020.02.28-15.22.21:682][  0]LogStats: UGameplayTagsManager::InitializeManager -  0.000 s
[2020.02.28-15.22.21:936][  0]LogInit: Initializing FReadOnlyCVARCache
[2020.02.28-15.22.21:941][  0]LogAIModule: Creating AISystem for world Untitled
[2020.02.28-15.22.21:954][  0]LogAudioMixer: Display: Audio Mixer Platform Settings:
[2020.02.28-15.22.21:954][  0]LogAudioMixer: Display: 	Sample Rate:						  48000
[2020.02.28-15.22.21:954][  0]LogAudioMixer: Display: 	Callback Buffer Frame Size Requested: 1024
[2020.02.28-15.22.21:954][  0]LogAudioMixer: Display: 	Callback Buffer Frame Size To Use:	  1024
[2020.02.28-15.22.21:954][  0]LogAudioMixer: Display: 	Number of buffers to queue:			  2
[2020.02.28-15.22.21:954][  0]LogAudioMixer: Display: 	Max Channels (voices):				  32
[2020.02.28-15.22.21:954][  0]LogAudioMixer: Display: 	Number of Async Source Workers:		  0
[2020.02.28-15.22.21:954][  0]LogAudio: Display: AudioDevice MaxSources: 32
[2020.02.28-15.22.21:954][  0]LogAudio: Display: Using built-in audio occlusion.
[2020.02.28-15.22.21:954][  0]LogAudioMixer: Display: Initializing audio mixer.
[2020.02.28-15.22.21:966][  0]LogAudioMixer: Display: Audio Device Output Speaker Info:
[2020.02.28-15.22.21:966][  0]LogAudioMixer: Display: Name: T24i-10 (2- NVIDIA High Definition Audio)
[2020.02.28-15.22.21:966][  0]LogAudioMixer: Display: Is Default: Yes
[2020.02.28-15.22.21:966][  0]LogAudioMixer: Display: Sample Rate: 48000
[2020.02.28-15.22.21:966][  0]LogAudioMixer: Display: Channel Count Used: 2
[2020.02.28-15.22.21:966][  0]LogAudioMixer: Display: Device Channel Count: 2
[2020.02.28-15.22.21:966][  0]LogAudioMixer: Display: Channel Order:
[2020.02.28-15.22.21:966][  0]LogAudioMixer: Display: 0: FrontLeft
[2020.02.28-15.22.21:966][  0]LogAudioMixer: Display: 1: FrontRight
[2020.02.28-15.22.21:988][  0]LogAudioMixer: Display: Using Audio Device T24i-10 (2- NVIDIA High Definition Audio)
[2020.02.28-15.22.21:992][  0]LogInit: FAudioDevice initialized.
[2020.02.28-15.22.21:992][  0]LogNetVersion: Set ProjectVersion to 1.0.0.0. Version Checksum will be recalculated on next use.
[2020.02.28-15.22.22:195][  0]LogDerivedDataCache: Saved boot cache 0.20s 78MB C:/Users/Gustav.Liden/AppData/Local/UnrealEngine/4.24/DerivedDataCache/Boot.ddc.
[2020.02.28-15.22.22:202][  0]LogInit: Texture streaming: Enabled
[2020.02.28-15.22.22:211][  0]LogEngineSessionManager: EngineSessionManager initialized
[2020.02.28-15.22.22:211][  0]LogEditorSessionSummary: Verbose: Initializing EditorSessionSummaryWriter for editor session tracking
[2020.02.28-15.22.22:212][  0]LogEditorSessionSummary: EditorSessionSummaryWriter initialized
[2020.02.28-15.22.22:249][  0]LogInit: Transaction tracking system initialized
[2020.02.28-15.22.22:255][  0]BlueprintLog: New page: Editor Load
[2020.02.28-15.22.22:274][  0]LocalizationService: Localization service is disabled
[2020.02.28-15.22.22:490][  0]LogFileCache: Scanning file cache for directory 'C:/Users/Gustav.Liden/Documents/GitHub/HeartTeam/PlatformSurvivor/Content/' took 0.00s
[2020.02.28-15.22.22:490][  0]LogCook: Display: Max memory allowance for cook 16384mb min free memory 0mb
[2020.02.28-15.22.22:490][  0]LogCook: Display: Mobile HDR setting 1
[2020.02.28-15.22.22:961][  0]SourceControl: Source control is disabled
[2020.02.28-15.22.22:961][  0]Cmd: MAP LOAD FILE="../../../../../../Users/Gustav.Liden/Documents/GitHub/HeartTeam/PlatformSurvivor/Content/TopDownBP/Maps/TopDownExampleMap.umap" TEMPLATE=0 SHOWPROGRESS=1 FEATURELEVEL=3
[2020.02.28-15.22.22:961][  0]LightingResults: New page: Lighting Build
[2020.02.28-15.22.22:962][  0]LogWorld: UWorld::CleanupWorld for Untitled, bSessionEnded=true, bCleanupResources=true
[2020.02.28-15.22.22:962][  0]LogSlate: InvalidateAllWidgets triggered.  All widgets were invalidated
[2020.02.28-15.22.22:962][  0]MapCheck: New page: Map Check
[2020.02.28-15.22.22:962][  0]LightingResults: New page: Lighting Build
[2020.02.28-15.22.22:984][  0]LogUObjectHash: Compacting FUObjectHashTables data took   1.54ms
[2020.02.28-15.22.23:195][  0]LogMaterial: Display: Missing cached shader map for material Mat_DestroyablePlatform, compiling. 
[2020.02.28-15.22.23:232][  0]LogAIModule: Creating AISystem for world TopDownExampleMap
[2020.02.28-15.22.23:247][  0]LogShaderCompilers: Display: Worker (1/3): shaders left to compile 15
[2020.02.28-15.22.23:247][  0]LogShaderCompilers: Display: Worker (2/3): shaders left to compile 9
[2020.02.28-15.22.23:247][  0]LogShaderCompilers: Display: Worker (3/3): shaders left to compile 3
[2020.02.28-15.22.23:247][  0]LogEditorServer: Finished looking for orphan Actors (0.000 secs)
[2020.02.28-15.22.23:273][  0]LogUObjectHash: Compacting FUObjectHashTables data took   2.12ms
[2020.02.28-15.22.23:273][  0]Cmd: MAP CHECKDEP NOCLEARLOG
[2020.02.28-15.22.23:274][  0]MapCheck: Map check complete: 0 Error(s), 0 Warning(s), took 0,189ms to complete.
[2020.02.28-15.22.23:274][  0]LogFileHelpers: Loading map 'TopDownExampleMap' took 0.312
[2020.02.28-15.22.23:385][  0]LogSlate: Updating window title bar state: overlay mode, drag disabled, window buttons hidden, title bar hidden
[2020.02.28-15.22.23:391][  0]LogSlate: Updating window title bar state: overlay mode, drag disabled, window buttons hidden, title bar hidden
[2020.02.28-15.22.23:397][  0]LogSlate: Updating window title bar state: overlay mode, drag disabled, window buttons hidden, title bar hidden
[2020.02.28-15.22.23:403][  0]LogSlate: Updating window title bar state: overlay mode, drag disabled, window buttons hidden, title bar hidden
[2020.02.28-15.22.23:418][  0]LogCollectionManager: Loaded 0 collections in 0.001531 seconds
[2020.02.28-15.22.23:430][  0]LogFileCache: Scanning file cache for directory 'C:/Users/Gustav.Liden/Documents/GitHub/HeartTeam/PlatformSurvivor/Saved/Collections/' took 0.00s
[2020.02.28-15.22.23:430][  0]LogFileCache: Scanning file cache for directory 'C:/Users/Gustav.Liden/Documents/GitHub/HeartTeam/PlatformSurvivor/Content/Developers/GustavLiden/Collections/' took 0.00s
[2020.02.28-15.22.23:430][  0]LogFileCache: Scanning file cache for directory 'C:/Users/Gustav.Liden/Documents/GitHub/HeartTeam/PlatformSurvivor/Content/Collections/' took 0.00s
[2020.02.28-15.22.23:430][  0]LogContentBrowser: Native class hierarchy populated in 0.0072 seconds. Added 3017 classes and 720 folders.
[2020.02.28-15.22.23:432][  0]LogContentBrowser: Native class hierarchy updated for 'WidgetCarousel' in 0.0002 seconds. Added 0 classes and 0 folders.
[2020.02.28-15.22.23:473][  0]LogContentBrowser: Native class hierarchy updated for 'AddContentDialog' in 0.0003 seconds. Added 0 classes and 0 folders.
[2020.02.28-15.22.23:622][  0]LogSlate: Took 0.000189 seconds to synchronously load lazily loaded font '../../../Engine/Content/Slate/Fonts/Roboto-Regular.ttf' (155K)
[2020.02.28-15.22.23:624][  0]LogSlate: Took 0.000185 seconds to synchronously load lazily loaded font '../../../Engine/Content/Slate/Fonts/Roboto-Bold.ttf' (160K)
[2020.02.28-15.22.23:628][  0]LogSlate: Took 0.000132 seconds to synchronously load lazily loaded font '../../../Engine/Content/Editor/Slate/Fonts/FontAwesome.ttf' (139K)
[2020.02.28-15.22.23:666][  0]LogRenderer: Reallocating scene render targets to support 1208x932 Format 10 NumSamples 1 (Frame:1).
[2020.02.28-15.22.23:863][  0]LogContentBrowser: Native class hierarchy updated for 'HierarchicalLODOutliner' in 0.0002 seconds. Added 0 classes and 0 folders.
[2020.02.28-15.22.23:863][  0]LogLoad: (Engine Initialization) Total time: 6.10 seconds
[2020.02.28-15.22.23:863][  0]LogLoad: (Engine Initialization) Total Blueprint compile time: 0.00 seconds
[2020.02.28-15.22.23:910][  0]LogAssetRegistry: Asset discovery search completed in 3.8503 seconds
[2020.02.28-15.22.23:912][  0]LogCollectionManager: Fixed up redirectors for 0 collections in 0.000006 seconds (updated 0 objects)
[2020.02.28-15.22.23:913][  0]LogContentStreaming: Texture pool size now 1000 MB
[2020.02.28-15.22.23:946][  0]LogSlate: Took 0.000142 seconds to synchronously load lazily loaded font '../../../Engine/Content/Slate/Fonts/Roboto-Light.ttf' (167K)
[2020.02.28-15.22.24:886][ 61]LogSlate: Took 0.000135 seconds to synchronously load lazily loaded font '../../../Engine/Content/Slate/Fonts/Roboto-Light.ttf' (167K)
[2020.02.28-15.23.55:832][654]LogAIModule: Creating AISystem for world Erik_test
[2020.02.28-15.23.55:833][654]LogAssetEditorSubsystem: Opening Asset editor for World /Game/Erik/Levels/Erik_test.Erik_test
[2020.02.28-15.23.55:854][654]LogUObjectHash: Compacting FUObjectHashTables data took   0.52ms
[2020.02.28-15.23.55:855][654]Cmd: MAP LOAD FILE="../../../../../../Users/Gustav.Liden/Documents/GitHub/HeartTeam/PlatformSurvivor/Content/Erik/Levels/Erik_test.umap" TEMPLATE=0 SHOWPROGRESS=1 FEATURELEVEL=3
[2020.02.28-15.23.55:855][654]LightingResults: New page: Lighting Build
[2020.02.28-15.23.55:856][654]LoadErrors: New page: Loading map: Erik_test.umap
[2020.02.28-15.23.55:856][654]LogWorld: UWorld::CleanupWorld for TopDownExampleMap, bSessionEnded=true, bCleanupResources=true
[2020.02.28-15.23.55:856][654]LogSlate: InvalidateAllWidgets triggered.  All widgets were invalidated
[2020.02.28-15.23.55:856][654]MapCheck: New page: Map Check
[2020.02.28-15.23.55:856][654]LightingResults: New page: Lighting Build
[2020.02.28-15.23.55:879][654]LogUObjectHash: Compacting FUObjectHashTables data took   1.42ms
[2020.02.28-15.23.55:880][654]LogEditorServer: Finished looking for orphan Actors (0.000 secs)
[2020.02.28-15.23.55:901][654]LogUObjectHash: Compacting FUObjectHashTables data took   1.07ms
[2020.02.28-15.23.55:919][654]Cmd: MAP CHECKDEP NOCLEARLOG
[2020.02.28-15.23.55:919][654]MapCheck: Map check complete: 0 Error(s), 0 Warning(s), took 0,089ms to complete.
[2020.02.28-15.23.55:919][654]LogFileHelpers: Loading map 'Erik_test' took 0.065
[2020.02.28-15.24.01:620][315]LogActorFactory: Actor Factory created Sphere
[2020.02.28-15.24.01:867][344]LogActorFactory: Actor Factory created Sphere
[2020.02.28-15.24.07:959][ 34]LogUObjectHash: Compacting FUObjectHashTables data took   1.26ms
[2020.02.28-15.24.07:972][ 34]LogSavePackage: Moving '../../../../../../Users/Gustav.Liden/Documents/GitHub/HeartTeam/PlatformSurvivor/Saved/Erik_testA55451764499AF7DE0F4CD9899E0C4A7.tmp' to '../../../../../../Users/Gustav.Liden/Documents/GitHub/HeartTeam/PlatformSurvivor/Content/Erik/Levels/Erik_test.umap'
[2020.02.28-15.24.08:008][ 34]LogSavePackage: Moving '../../../../../../Users/Gustav.Liden/Documents/GitHub/HeartTeam/PlatformSurvivor/Saved/Erik_test_BuiltDataA8EBBFCA46DF6BDCAE8ECB8A284AF079.tmp' to '../../../../../../Users/Gustav.Liden/Documents/GitHub/HeartTeam/PlatformSurvivor/Content/Erik/Levels/Erik_test_BuiltData.uasset'
[2020.02.28-15.24.08:020][ 34]AssetCheck: New page: Asset Save: multiple assets
[2020.02.28-15.24.08:020][ 34]LogContentValidation: Display: Validating World /Game/Erik/Levels/Erik_test.Erik_test
[2020.02.28-15.24.08:020][ 34]LogContentValidation: Display: Validating MapBuildDataRegistry /Game/Erik/Levels/Erik_test_BuiltData.Erik_test_BuiltData
